
> server@0.0.0 start /root/IvaLive/server-api
> node ./app.js

Fri, 24 Dec 2021 14:26:45 GMT body-parser deprecated undefined extended: provide extended option at app.js:12:17

> server@0.0.0 start /root/IvaLive/server-api
> node ./app.js

Fri, 24 Dec 2021 14:26:55 GMT body-parser deprecated undefined extended: provide extended option at app.js:12:17
events.js:174
      throw er; // Unhandled 'error' event
      ^

Error: listen EADDRINUSE: address already in use 0.0.0.0:2090
    at Server.setupListenHandle [as _listen2] (net.js:1280:14)
    at listenInCluster (net.js:1328:12)
    at doListen (net.js:1461:7)
    at process._tickCallback (internal/process/next_tick.js:63:19)
    at Function.Module.runMain (internal/modules/cjs/loader.js:834:11)
    at startup (internal/bootstrap/node.js:283:19)
    at bootstrapNodeJSCore (internal/bootstrap/node.js:623:3)
Emitted 'error' event at:
    at emitErrorNT (net.js:1307:8)
    at process._tickCallback (internal/process/next_tick.js:63:19)
    [... lines matching original stack trace ...]
    at bootstrapNodeJSCore (internal/bootstrap/node.js:623:3)
npm ERR! code ELIFECYCLE
npm ERR! errno 1
npm ERR! server@0.0.0 start: `node ./app.js`
npm ERR! Exit status 1
npm ERR! 
npm ERR! Failed at the server@0.0.0 start script.
npm ERR! This is probably not a problem with npm. There is likely additional logging output above.

npm ERR! A complete log of this run can be found in:
npm ERR!     /root/.npm/_logs/2021-12-24T14_26_56_064Z-debug.log

> server@0.0.0 start /root/IvaLive/server-api
> node ./app.js

Fri, 24 Dec 2021 14:27:01 GMT body-parser deprecated undefined extended: provide extended option at app.js:12:17
events.js:174
      throw er; // Unhandled 'error' event
      ^

Error: listen EADDRINUSE: address already in use 0.0.0.0:2090
    at Server.setupListenHandle [as _listen2] (net.js:1280:14)
    at listenInCluster (net.js:1328:12)
    at doListen (net.js:1461:7)
    at process._tickCallback (internal/process/next_tick.js:63:19)
    at Function.Module.runMain (internal/modules/cjs/loader.js:834:11)
    at startup (internal/bootstrap/node.js:283:19)
    at bootstrapNodeJSCore (internal/bootstrap/node.js:623:3)
Emitted 'error' event at:
    at emitErrorNT (net.js:1307:8)
    at process._tickCallback (internal/process/next_tick.js:63:19)
    [... lines matching original stack trace ...]
    at bootstrapNodeJSCore (internal/bootstrap/node.js:623:3)
npm ERR! code ELIFECYCLE
npm ERR! errno 1
npm ERR! server@0.0.0 start: `node ./app.js`
npm ERR! Exit status 1
npm ERR! 
npm ERR! Failed at the server@0.0.0 start script.
npm ERR! This is probably not a problem with npm. There is likely additional logging output above.

npm ERR! A complete log of this run can be found in:
npm ERR!     /root/.npm/_logs/2021-12-24T14_27_01_908Z-debug.log
[0mGET /api/upload-audit-document?MainDocTypeID=12 [32m200 [0m1079.848 ms - 2[0m
[0mGET /api/upload-audit-document?DocumentID=3&MainDocTypeID=12 [32m200 [0m681.921 ms - 2[0m
[0mGET /api/upload-audit-document?MainDocTypeID=9 [32m200 [0m72.544 ms - 2[0m
[0mGET /api/upload-audit-document?DocumentID=3&MainDocTypeID=9 [32m200 [0m70.323 ms - 2[0m
[0mPOST /api/admin/user-login [32m200 [0m83.197 ms - 369[0m
[0mGET /api/master/user-wise-branch?UserID=6 [36m304 [0m533.033 ms - -[0m
[0mGET /api/master/user-wise-branch?UserID=6 [36m304 [0m75.466 ms - -[0m
[0mGET /api/user-wise-daily-summery-report?UserID=6&BranchID=3 [32m200 [0m79.815 ms - 9772[0m
[0mGET /api/user-wise-daily-summery-report?UserID=6&BranchID=16 [32m200 [0m599.736 ms - 6748[0m
